[2021-08-31 14:20:44] flarum.ERROR: TypeError: Argument 2 passed to Flarum\User\Command\UploadAvatar::__construct() must be an instance of Psr\Http\Message\UploadedFileInterface, null given, called in /home/njchilsrhosting/public_html/qa/vendor/flarum/core/src/Api/Controller/UploadAvatarController.php on line 50 and defined in /home/njchilsrhosting/public_html/qa/vendor/flarum/core/src/User/Command/UploadAvatar.php:43
Stack trace:
#0 /home/njchilsrhosting/public_html/qa/vendor/flarum/core/src/Api/Controller/UploadAvatarController.php(50): Flarum\User\Command\UploadAvatar->__construct('13', NULL, Object(Flarum\User\User))
#1 /home/njchilsrhosting/public_html/qa/vendor/flarum/core/src/Api/Controller/AbstractSerializeController.php(110): Flarum\Api\Controller\UploadAvatarController->data(Object(Laminas\Diactoros\ServerRequest), Object(Tobscure\JsonApi\Document))
#2 /home/njchilsrhosting/public_html/qa/vendor/flarum/core/src/Http/RouteHandlerFactory.php(41): Flarum\Api\Controller\AbstractSerializeController->handle(Object(Laminas\Diactoros\ServerRequest))
#3 /home/njchilsrhosting/public_html/qa/vendor/flarum/core/src/Http/Middleware/ExecuteRoute.php(27): Flarum\Http\RouteHandlerFactory->Flarum\Http\{closure}(Object(Laminas\Diactoros\ServerRequest), Array)
#4 /home/njchilsrhosting/public_html/qa/vendor/laminas/laminas-stratigility/src/Next.php(51): Flarum\Http\Middleware\ExecuteRoute->process(Object(Laminas\Diactoros\ServerRequest), Object(Closure))
#5 /home/njchilsrhosting/public_html/qa/vendor/flarum/core/src/Api/Middleware/ThrottleApi.php(33): Laminas\Stratigility\Next->handle(Object(Laminas\Diactoros\ServerRequest))
#6 /home/njchilsrhosting/public_html/qa/vendor/laminas/laminas-stratigility/src/Next.php(51): Flarum\Api\Middleware\ThrottleApi->process(Object(Laminas\Diactoros\ServerRequest), Object(Laminas\Stratigility\Next))
#7 /home/njchilsrhosting/public_html/qa/vendor/flarum/core/src/Http/Middleware/CheckCsrfToken.php(44): Laminas\Stratigility\Next->handle(Object(Laminas\Diactoros\ServerRequest))
#8 /home/njchilsrhosting/public_html/qa/vendor/laminas/laminas-stratigility/src/Next.php(51): Flarum\Http\Middleware\CheckCsrfToken->process(Object(Laminas\Diactoros\ServerRequest), Object(Laminas\Stratigility\Next))
#9 /home/njchilsrhosting/public_html/qa/vendor/flarum/core/src/Http/Middleware/ResolveRoute.php(67): Laminas\Stratigility\Next->handle(Object(Laminas\Diactoros\ServerRequest))
#10 /home/njchilsrhosting/public_html/qa/vendor/laminas/laminas-stratigility/src/Next.php(51): Flarum\Http\Middleware\ResolveRoute->process(Object(Laminas\Diactoros\ServerRequest), Object(Laminas\Stratigility\Next))
#11 /home/njchilsrhosting/public_html/qa/vendor/flarum/core/src/Http/Middleware/SetLocale.php(51): Laminas\Stratigility\Next->handle(Object(Laminas\Diactoros\ServerRequest))
#12 /home/njchilsrhosting/public_html/qa/vendor/laminas/laminas-stratigility/src/Next.php(51): Flarum\Http\Middleware\SetLocale->process(Object(Laminas\Diactoros\ServerRequest), Object(Laminas\Stratigility\Next))
#13 /home/njchilsrhosting/public_html/qa/vendor/flarum/core/src/Http/Middleware/AuthenticateWithHeader.php(56): Laminas\Stratigility\Next->handle(Object(Laminas\Diactoros\ServerRequest))
#14 /home/njchilsrhosting/public_html/qa/vendor/laminas/laminas-stratigility/src/Next.php(51): Flarum\Http\Middleware\AuthenticateWithHeader->process(Object(Laminas\Diactoros\ServerRequest), Object(Laminas\Stratigility\Next))
#15 /home/njchilsrhosting/public_html/qa/vendor/flarum/core/src/Http/Middleware/AuthenticateWithSession.php(31): Laminas\Stratigility\Next->handle(Object(Laminas\Diactoros\ServerRequest))
#16 /home/njchilsrhosting/public_html/qa/vendor/laminas/laminas-stratigility/src/Next.php(51): Flarum\Http\Middleware\AuthenticateWithSession->process(Object(Laminas\Diactoros\ServerRequest), Object(Laminas\Stratigility\Next))
#17 /home/njchilsrhosting/public_html/qa/vendor/flarum/core/src/Http/Middleware/RememberFromCookie.php(52): Laminas\Stratigility\Next->handle(Object(Laminas\Diactoros\ServerRequest))
#18 /home/njchilsrhosting/public_html/qa/vendor/laminas/laminas-stratigility/src/Next.php(51): Flarum\Http\Middleware\RememberFromCookie->process(Object(Laminas\Diactoros\ServerRequest), Object(Laminas\Stratigility\Next))
#19 /home/njchilsrhosting/public_html/qa/vendor/flarum/core/src/Http/Middleware/StartSession.php(61): Laminas\Stratigility\Next->handle(Object(Laminas\Diactoros\ServerRequest))
#20 /home/njchilsrhosting/public_html/qa/vendor/laminas/laminas-stratigility/src/Next.php(51): Flarum\Http\Middleware\StartSession->process(Object(Laminas\Diactoros\ServerRequest), Object(Laminas\Stratigility\Next))
#21 /home/njchilsrhosting/public_html/qa/vendor/flarum/core/src/Api/Middleware/FakeHttpMethods.php(29): Laminas\Stratigility\Next->handle(Object(Laminas\Diactoros\ServerRequest))
#22 /home/njchilsrhosting/public_html/qa/vendor/laminas/laminas-stratigility/src/Next.php(51): Flarum\Api\Middleware\FakeHttpMethods->process(Object(Laminas\Diactoros\ServerRequest), Object(Laminas\Stratigility\Next))
#23 /home/njchilsrhosting/public_html/qa/vendor/flarum/core/src/Http/Middleware/ParseJsonBody.php(28): Laminas\Stratigility\Next->handle(Object(Laminas\Diactoros\ServerRequest))
#24 /home/njchilsrhosting/public_html/qa/vendor/laminas/laminas-stratigility/src/Next.php(51): Flarum\Http\Middleware\ParseJsonBody->process(Object(Laminas\Diactoros\ServerRequest), Object(Laminas\Stratigility\Next))
#25 /home/njchilsrhosting/public_html/qa/vendor/flarum/core/src/Http/Middleware/HandleErrors.php(57): Laminas\Stratigility\Next->handle(Object(Laminas\Diactoros\ServerRequest))
#26 /home/njchilsrhosting/public_html/qa/vendor/laminas/laminas-stratigility/src/Next.php(51): Flarum\Http\Middleware\HandleErrors->process(Object(Laminas\Diactoros\ServerRequest), Object(Laminas\Stratigility\Next))
#27 /home/njchilsrhosting/public_html/qa/vendor/flarum/core/src/Http/Middleware/InjectActorReference.php(25): Laminas\Stratigility\Next->handle(Object(Laminas\Diactoros\ServerRequest))
#28 /home/njchilsrhosting/public_html/qa/vendor/laminas/laminas-stratigility/src/Next.php(51): Flarum\Http\Middleware\InjectActorReference->process(Object(Laminas\Diactoros\ServerRequest), Object(Laminas\Stratigility\Next))
#29 /home/njchilsrhosting/public_html/qa/vendor/laminas/laminas-stratigility/src/MiddlewarePipe.php(76): Laminas\Stratigility\Next->handle(Object(Laminas\Diactoros\ServerRequest))
#30 /home/njchilsrhosting/public_html/qa/vendor/middlewares/request-handler/src/RequestHandler.php(84): Laminas\Stratigility\MiddlewarePipe->process(Object(Laminas\Diactoros\ServerRequest), Object(Laminas\Stratigility\Next))
#31 /home/njchilsrhosting/public_html/qa/vendor/laminas/laminas-stratigility/src/Next.php(51): Middlewares\RequestHandler->process(Object(Laminas\Diactoros\ServerRequest), Object(Laminas\Stratigility\Next))
#32 /home/njchilsrhosting/public_html/qa/vendor/middlewares/base-path-router/src/BasePathRouter.php(101): Laminas\Stratigility\Next->handle(Object(Laminas\Diactoros\ServerRequest))
#33 /home/njchilsrhosting/public_html/qa/vendor/laminas/laminas-stratigility/src/Next.php(51): Middlewares\BasePathRouter->process(Object(Laminas\Diactoros\ServerRequest), Object(Laminas\Stratigility\Next))
#34 /home/njchilsrhosting/public_html/qa/vendor/laminas/laminas-stratigility/src/Middleware/OriginalMessages.php(36): Laminas\Stratigility\Next->handle(Object(Laminas\Diactoros\ServerRequest))
#35 /home/njchilsrhosting/public_html/qa/vendor/laminas/laminas-stratigility/src/Next.php(51): Laminas\Stratigility\Middleware\OriginalMessages->process(Object(Laminas\Diactoros\ServerRequest), Object(Laminas\Stratigility\Next))
#36 /home/njchilsrhosting/public_html/qa/vendor/middlewares/base-path/src/BasePath.php(73): Laminas\Stratigility\Next->handle(Object(Laminas\Diactoros\ServerRequest))
#37 /home/njchilsrhosting/public_html/qa/vendor/laminas/laminas-stratigility/src/Next.php(51): Middlewares\BasePath->process(Object(Laminas\Diactoros\ServerRequest), Object(Laminas\Stratigility\Next))
#38 /home/njchilsrhosting/public_html/qa/vendor/flarum/core/src/Http/Middleware/ProcessIp.php(24): Laminas\Stratigility\Next->handle(Object(Laminas\Diactoros\ServerRequest))
#39 /home/njchilsrhosting/public_html/qa/vendor/laminas/laminas-stratigility/src/Next.php(51): Flarum\Http\Middleware\ProcessIp->process(Object(Laminas\Diactoros\ServerRequest), Object(Laminas\Stratigility\Next))
#40 /home/njchilsrhosting/public_html/qa/vendor/laminas/laminas-stratigility/src/MiddlewarePipe.php(76): Laminas\Stratigility\Next->handle(Object(Laminas\Diactoros\ServerRequest))
#41 /home/njchilsrhosting/public_html/qa/vendor/laminas/laminas-stratigility/src/MiddlewarePipe.php(65): Laminas\Stratigility\MiddlewarePipe->process(Object(Laminas\Diactoros\ServerRequest), Object(Laminas\Stratigility\EmptyPipelineHandler))
#42 /home/njchilsrhosting/public_html/qa/vendor/laminas/laminas-httphandlerrunner/src/RequestHandlerRunner.php(96): Laminas\Stratigility\MiddlewarePipe->handle(Object(Laminas\Diactoros\ServerRequest))
#43 /home/njchilsrhosting/public_html/qa/vendor/flarum/core/src/Http/Server.php(44): Laminas\HttpHandlerRunner\RequestHandlerRunner->run()
#44 /home/njchilsrhosting/public_html/qa/public/index.php(26): Flarum\Http\Server->listen()
#45 {main}  
