[2021-08-24 13:18:41] flarum.ERROR: PDOException: SQLSTATE[42S02]: Base table or view not found: 1146 Table 'njchilsrhosting_qa.settings' doesn't exist in /home/njchilsrhosting/public_html/qa/vendor/doctrine/dbal/lib/Doctrine/DBAL/Driver/PDOConnection.php:79
Stack trace:
#0 /home/njchilsrhosting/public_html/qa/vendor/doctrine/dbal/lib/Doctrine/DBAL/Driver/PDOConnection.php(79): PDO->prepare('select `value`,...', Array)
#1 /home/njchilsrhosting/public_html/qa/vendor/illuminate/database/Connection.php(352): Doctrine\DBAL\Driver\PDOConnection->prepare('select `value`,...')
#2 /home/njchilsrhosting/public_html/qa/vendor/illuminate/database/Connection.php(685): Illuminate\Database\Connection->Illuminate\Database\{closure}('select `value`,...', Array)
#3 /home/njchilsrhosting/public_html/qa/vendor/illuminate/database/Connection.php(652): Illuminate\Database\Connection->runQueryCallback('select `value`,...', Array, Object(Closure))
#4 /home/njchilsrhosting/public_html/qa/vendor/illuminate/database/Connection.php(360): Illuminate\Database\Connection->run('select `value`,...', Array, Object(Closure))
#5 /home/njchilsrhosting/public_html/qa/vendor/illuminate/database/Query/Builder.php(2350): Illuminate\Database\Connection->select('select `value`,...', Array, true)
#6 /home/njchilsrhosting/public_html/qa/vendor/illuminate/database/Query/Builder.php(2562): Illuminate\Database\Query\Builder->runSelect()
#7 /home/njchilsrhosting/public_html/qa/vendor/illuminate/database/Query/Builder.php(2872): Illuminate\Database\Query\Builder->Illuminate\Database\Query\{closure}()
#8 /home/njchilsrhosting/public_html/qa/vendor/illuminate/database/Query/Builder.php(2564): Illuminate\Database\Query\Builder->onceWithColumns(Array, Object(Closure))
#9 /home/njchilsrhosting/public_html/qa/vendor/flarum/core/src/Settings/DatabaseSettingsRepository.php(25): Illuminate\Database\Query\Builder->pluck('value', 'key')
#10 /home/njchilsrhosting/public_html/qa/vendor/flarum/core/src/Settings/MemoryCacheSettingsRepository.php(30): Flarum\Settings\DatabaseSettingsRepository->all()
#11 /home/njchilsrhosting/public_html/qa/vendor/flarum/core/src/Settings/MemoryCacheSettingsRepository.php(42): Flarum\Settings\MemoryCacheSettingsRepository->all()
#12 /home/njchilsrhosting/public_html/qa/vendor/flarum/core/src/Extension/ExtensionManager.php(375): Flarum\Settings\MemoryCacheSettingsRepository->get('extensions_enab...')
#13 /home/njchilsrhosting/public_html/qa/vendor/flarum/core/src/Extension/ExtensionManager.php(92): Flarum\Extension\ExtensionManager->getEnabled()
#14 /home/njchilsrhosting/public_html/qa/vendor/flarum/core/src/Extension/ExtensionManager.php(345): Flarum\Extension\ExtensionManager->getExtensions()
#15 /home/njchilsrhosting/public_html/qa/vendor/flarum/core/src/Extension/ExtensionManager.php(363): Flarum\Extension\ExtensionManager->getEnabledExtensions()
#16 /home/njchilsrhosting/public_html/qa/vendor/flarum/core/src/Extension/ExtensionServiceProvider.php(31): Flarum\Extension\ExtensionManager->extend(Object(Illuminate\Container\Container))
#17 [internal function]: Flarum\Extension\ExtensionServiceProvider->Flarum\Extension\{closure}(Object(Flarum\Foundation\Application))
#18 /home/njchilsrhosting/public_html/qa/vendor/flarum/core/src/Foundation/Application.php(329): call_user_func(Object(Closure), Object(Flarum\Foundation\Application))
#19 /home/njchilsrhosting/public_html/qa/vendor/flarum/core/src/Foundation/Application.php(270): Flarum\Foundation\Application->fireAppCallbacks(Array)
#20 /home/njchilsrhosting/public_html/qa/vendor/flarum/core/src/Foundation/InstalledSite.php(151): Flarum\Foundation\Application->boot()
#21 /home/njchilsrhosting/public_html/qa/vendor/flarum/core/src/Foundation/InstalledSite.php(82): Flarum\Foundation\InstalledSite->bootLaravel()
#22 /home/njchilsrhosting/public_html/qa/vendor/flarum/core/src/Http/Server.php(58): Flarum\Foundation\InstalledSite->bootApp()
#23 /home/njchilsrhosting/public_html/qa/vendor/flarum/core/src/Http/Server.php(35): Flarum\Http\Server->safelyBootAndGetHandler()
#24 /home/njchilsrhosting/public_html/qa/public/index.php(26): Flarum\Http\Server->listen()
#25 {main}

Next Doctrine\DBAL\Driver\PDO\Exception: SQLSTATE[42S02]: Base table or view not found: 1146 Table 'njchilsrhosting_qa.settings' doesn't exist in /home/njchilsrhosting/public_html/qa/vendor/doctrine/dbal/lib/Doctrine/DBAL/Driver/PDO/Exception.php:18
Stack trace:
#0 /home/njchilsrhosting/public_html/qa/vendor/doctrine/dbal/lib/Doctrine/DBAL/Driver/PDOConnection.php(84): Doctrine\DBAL\Driver\PDO\Exception::new(Object(PDOException))
#1 /home/njchilsrhosting/public_html/qa/vendor/illuminate/database/Connection.php(352): Doctrine\DBAL\Driver\PDOConnection->prepare('select `value`,...')
#2 /home/njchilsrhosting/public_html/qa/vendor/illuminate/database/Connection.php(685): Illuminate\Database\Connection->Illuminate\Database\{closure}('select `value`,...', Array)
#3 /home/njchilsrhosting/public_html/qa/vendor/illuminate/database/Connection.php(652): Illuminate\Database\Connection->runQueryCallback('select `value`,...', Array, Object(Closure))
#4 /home/njchilsrhosting/public_html/qa/vendor/illuminate/database/Connection.php(360): Illuminate\Database\Connection->run('select `value`,...', Array, Object(Closure))
#5 /home/njchilsrhosting/public_html/qa/vendor/illuminate/database/Query/Builder.php(2350): Illuminate\Database\Connection->select('select `value`,...', Array, true)
#6 /home/njchilsrhosting/public_html/qa/vendor/illuminate/database/Query/Builder.php(2562): Illuminate\Database\Query\Builder->runSelect()
#7 /home/njchilsrhosting/public_html/qa/vendor/illuminate/database/Query/Builder.php(2872): Illuminate\Database\Query\Builder->Illuminate\Database\Query\{closure}()
#8 /home/njchilsrhosting/public_html/qa/vendor/illuminate/database/Query/Builder.php(2564): Illuminate\Database\Query\Builder->onceWithColumns(Array, Object(Closure))
#9 /home/njchilsrhosting/public_html/qa/vendor/flarum/core/src/Settings/DatabaseSettingsRepository.php(25): Illuminate\Database\Query\Builder->pluck('value', 'key')
#10 /home/njchilsrhosting/public_html/qa/vendor/flarum/core/src/Settings/MemoryCacheSettingsRepository.php(30): Flarum\Settings\DatabaseSettingsRepository->all()
#11 /home/njchilsrhosting/public_html/qa/vendor/flarum/core/src/Settings/MemoryCacheSettingsRepository.php(42): Flarum\Settings\MemoryCacheSettingsRepository->all()
#12 /home/njchilsrhosting/public_html/qa/vendor/flarum/core/src/Extension/ExtensionManager.php(375): Flarum\Settings\MemoryCacheSettingsRepository->get('extensions_enab...')
#13 /home/njchilsrhosting/public_html/qa/vendor/flarum/core/src/Extension/ExtensionManager.php(92): Flarum\Extension\ExtensionManager->getEnabled()
#14 /home/njchilsrhosting/public_html/qa/vendor/flarum/core/src/Extension/ExtensionManager.php(345): Flarum\Extension\ExtensionManager->getExtensions()
#15 /home/njchilsrhosting/public_html/qa/vendor/flarum/core/src/Extension/ExtensionManager.php(363): Flarum\Extension\ExtensionManager->getEnabledExtensions()
#16 /home/njchilsrhosting/public_html/qa/vendor/flarum/core/src/Extension/ExtensionServiceProvider.php(31): Flarum\Extension\ExtensionManager->extend(Object(Illuminate\Container\Container))
#17 [internal function]: Flarum\Extension\ExtensionServiceProvider->Flarum\Extension\{closure}(Object(Flarum\Foundation\Application))
#18 /home/njchilsrhosting/public_html/qa/vendor/flarum/core/src/Foundation/Application.php(329): call_user_func(Object(Closure), Object(Flarum\Foundation\Application))
#19 /home/njchilsrhosting/public_html/qa/vendor/flarum/core/src/Foundation/Application.php(270): Flarum\Foundation\Application->fireAppCallbacks(Array)
#20 /home/njchilsrhosting/public_html/qa/vendor/flarum/core/src/Foundation/InstalledSite.php(151): Flarum\Foundation\Application->boot()
#21 /home/njchilsrhosting/public_html/qa/vendor/flarum/core/src/Foundation/InstalledSite.php(82): Flarum\Foundation\InstalledSite->bootLaravel()
#22 /home/njchilsrhosting/public_html/qa/vendor/flarum/core/src/Http/Server.php(58): Flarum\Foundation\InstalledSite->bootApp()
#23 /home/njchilsrhosting/public_html/qa/vendor/flarum/core/src/Http/Server.php(35): Flarum\Http\Server->safelyBootAndGetHandler()
#24 /home/njchilsrhosting/public_html/qa/public/index.php(26): Flarum\Http\Server->listen()
#25 {main}

Next Illuminate\Database\QueryException: SQLSTATE[42S02]: Base table or view not found: 1146 Table 'njchilsrhosting_qa.settings' doesn't exist (SQL: select `value`, `key` from `settings`) in /home/njchilsrhosting/public_html/qa/vendor/illuminate/database/Connection.php:692
Stack trace:
#0 /home/njchilsrhosting/public_html/qa/vendor/illuminate/database/Connection.php(652): Illuminate\Database\Connection->runQueryCallback('select `value`,...', Array, Object(Closure))
#1 /home/njchilsrhosting/public_html/qa/vendor/illuminate/database/Connection.php(360): Illuminate\Database\Connection->run('select `value`,...', Array, Object(Closure))
#2 /home/njchilsrhosting/public_html/qa/vendor/illuminate/database/Query/Builder.php(2350): Illuminate\Database\Connection->select('select `value`,...', Array, true)
#3 /home/njchilsrhosting/public_html/qa/vendor/illuminate/database/Query/Builder.php(2562): Illuminate\Database\Query\Builder->runSelect()
#4 /home/njchilsrhosting/public_html/qa/vendor/illuminate/database/Query/Builder.php(2872): Illuminate\Database\Query\Builder->Illuminate\Database\Query\{closure}()
#5 /home/njchilsrhosting/public_html/qa/vendor/illuminate/database/Query/Builder.php(2564): Illuminate\Database\Query\Builder->onceWithColumns(Array, Object(Closure))
#6 /home/njchilsrhosting/public_html/qa/vendor/flarum/core/src/Settings/DatabaseSettingsRepository.php(25): Illuminate\Database\Query\Builder->pluck('value', 'key')
#7 /home/njchilsrhosting/public_html/qa/vendor/flarum/core/src/Settings/MemoryCacheSettingsRepository.php(30): Flarum\Settings\DatabaseSettingsRepository->all()
#8 /home/njchilsrhosting/public_html/qa/vendor/flarum/core/src/Settings/MemoryCacheSettingsRepository.php(42): Flarum\Settings\MemoryCacheSettingsRepository->all()
#9 /home/njchilsrhosting/public_html/qa/vendor/flarum/core/src/Extension/ExtensionManager.php(375): Flarum\Settings\MemoryCacheSettingsRepository->get('extensions_enab...')
#10 /home/njchilsrhosting/public_html/qa/vendor/flarum/core/src/Extension/ExtensionManager.php(92): Flarum\Extension\ExtensionManager->getEnabled()
#11 /home/njchilsrhosting/public_html/qa/vendor/flarum/core/src/Extension/ExtensionManager.php(345): Flarum\Extension\ExtensionManager->getExtensions()
#12 /home/njchilsrhosting/public_html/qa/vendor/flarum/core/src/Extension/ExtensionManager.php(363): Flarum\Extension\ExtensionManager->getEnabledExtensions()
#13 /home/njchilsrhosting/public_html/qa/vendor/flarum/core/src/Extension/ExtensionServiceProvider.php(31): Flarum\Extension\ExtensionManager->extend(Object(Illuminate\Container\Container))
#14 [internal function]: Flarum\Extension\ExtensionServiceProvider->Flarum\Extension\{closure}(Object(Flarum\Foundation\Application))
#15 /home/njchilsrhosting/public_html/qa/vendor/flarum/core/src/Foundation/Application.php(329): call_user_func(Object(Closure), Object(Flarum\Foundation\Application))
#16 /home/njchilsrhosting/public_html/qa/vendor/flarum/core/src/Foundation/Application.php(270): Flarum\Foundation\Application->fireAppCallbacks(Array)
#17 /home/njchilsrhosting/public_html/qa/vendor/flarum/core/src/Foundation/InstalledSite.php(151): Flarum\Foundation\Application->boot()
#18 /home/njchilsrhosting/public_html/qa/vendor/flarum/core/src/Foundation/InstalledSite.php(82): Flarum\Foundation\InstalledSite->bootLaravel()
#19 /home/njchilsrhosting/public_html/qa/vendor/flarum/core/src/Http/Server.php(58): Flarum\Foundation\InstalledSite->bootApp()
#20 /home/njchilsrhosting/public_html/qa/vendor/flarum/core/src/Http/Server.php(35): Flarum\Http\Server->safelyBootAndGetHandler()
#21 /home/njchilsrhosting/public_html/qa/public/index.php(26): Flarum\Http\Server->listen()
#22 {main}  
