[2021-09-13 13:58:56] flarum.ERROR: PDOException: SQLSTATE[HY000] [1045] Access denied for user 'njchilsrhosting_dev_admin'@'localhost' (using password: YES) in /opt/lampp/htdocs/dev_tabqa/vendor/doctrine/dbal/lib/Doctrine/DBAL/Driver/PDOConnection.php:39
Stack trace:
#0 /opt/lampp/htdocs/dev_tabqa/vendor/doctrine/dbal/lib/Doctrine/DBAL/Driver/PDOConnection.php(39): PDO->__construct('mysql:host=loca...', 'njchilsrhosting...', 'tabbook@2021', Array)
#1 /opt/lampp/htdocs/dev_tabqa/vendor/illuminate/database/Connectors/Connector.php(67): Doctrine\DBAL\Driver\PDOConnection->__construct('mysql:host=loca...', 'njchilsrhosting...', 'tabbook@2021', Array)
#2 /opt/lampp/htdocs/dev_tabqa/vendor/illuminate/database/Connectors/Connector.php(46): Illuminate\Database\Connectors\Connector->createPdoConnection('mysql:host=loca...', 'njchilsrhosting...', 'tabbook@2021', Array)
#3 /opt/lampp/htdocs/dev_tabqa/vendor/illuminate/database/Connectors/MySqlConnector.php(24): Illuminate\Database\Connectors\Connector->createConnection('mysql:host=loca...', Array, Array)
#4 /opt/lampp/htdocs/dev_tabqa/vendor/illuminate/database/Connectors/ConnectionFactory.php(184): Illuminate\Database\Connectors\MySqlConnector->connect(Array)
#5 [internal function]: Illuminate\Database\Connectors\ConnectionFactory->Illuminate\Database\Connectors\{closure}()
#6 /opt/lampp/htdocs/dev_tabqa/vendor/illuminate/database/Connection.php(997): call_user_func(Object(Closure))
#7 /opt/lampp/htdocs/dev_tabqa/vendor/illuminate/database/Connection.php(979): Illuminate\Database\Connection->getPdo()
#8 /opt/lampp/htdocs/dev_tabqa/vendor/illuminate/database/Connection.php(959): Illuminate\Database\Connection->getDoctrineConnection()
#9 /opt/lampp/htdocs/dev_tabqa/vendor/flarum/core/src/Database/Migrator.php(72): Illuminate\Database\Connection->getDoctrineSchemaManager()
#10 [internal function]: Flarum\Database\Migrator->__construct(Object(Flarum\Database\DatabaseMigrationRepository), Object(Illuminate\Database\MySqlConnection), Object(Illuminate\Filesystem\Filesystem))
#11 /opt/lampp/htdocs/dev_tabqa/vendor/illuminate/container/Container.php(917): ReflectionClass->newInstanceArgs(Array)
#12 /opt/lampp/htdocs/dev_tabqa/vendor/illuminate/container/Container.php(754): Illuminate\Container\Container->build('Flarum\\Database...')
#13 /opt/lampp/htdocs/dev_tabqa/vendor/illuminate/container/Container.php(692): Illuminate\Container\Container->resolve('Flarum\\Database...', Array)
#14 /opt/lampp/htdocs/dev_tabqa/vendor/illuminate/container/Container.php(1027): Illuminate\Container\Container->make('Flarum\\Database...')
#15 /opt/lampp/htdocs/dev_tabqa/vendor/illuminate/container/Container.php(947): Illuminate\Container\Container->resolveClass(Object(ReflectionParameter))
#16 /opt/lampp/htdocs/dev_tabqa/vendor/illuminate/container/Container.php(908): Illuminate\Container\Container->resolveDependencies(Array)
#17 /opt/lampp/htdocs/dev_tabqa/vendor/illuminate/container/Container.php(290): Illuminate\Container\Container->build('Flarum\\Extensio...')
#18 /opt/lampp/htdocs/dev_tabqa/vendor/illuminate/container/Container.php(869): Illuminate\Container\Container->Illuminate\Container\{closure}(Object(Illuminate\Container\Container), Array)
#19 /opt/lampp/htdocs/dev_tabqa/vendor/illuminate/container/Container.php(754): Illuminate\Container\Container->build(Object(Closure))
#20 /opt/lampp/htdocs/dev_tabqa/vendor/illuminate/container/Container.php(692): Illuminate\Container\Container->resolve('Flarum\\Extensio...', Array)
#21 /opt/lampp/htdocs/dev_tabqa/vendor/flarum/core/src/Extension/ExtensionServiceProvider.php(31): Illuminate\Container\Container->make('flarum.extensio...')
#22 [internal function]: Flarum\Extension\ExtensionServiceProvider->Flarum\Extension\{closure}(Object(Flarum\Foundation\Application))
#23 /opt/lampp/htdocs/dev_tabqa/vendor/flarum/core/src/Foundation/Application.php(329): call_user_func(Object(Closure), Object(Flarum\Foundation\Application))
#24 /opt/lampp/htdocs/dev_tabqa/vendor/flarum/core/src/Foundation/Application.php(270): Flarum\Foundation\Application->fireAppCallbacks(Array)
#25 /opt/lampp/htdocs/dev_tabqa/vendor/flarum/core/src/Foundation/InstalledSite.php(151): Flarum\Foundation\Application->boot()
#26 /opt/lampp/htdocs/dev_tabqa/vendor/flarum/core/src/Foundation/InstalledSite.php(82): Flarum\Foundation\InstalledSite->bootLaravel()
#27 /opt/lampp/htdocs/dev_tabqa/vendor/flarum/core/src/Http/Server.php(58): Flarum\Foundation\InstalledSite->bootApp()
#28 /opt/lampp/htdocs/dev_tabqa/vendor/flarum/core/src/Http/Server.php(35): Flarum\Http\Server->safelyBootAndGetHandler()
#29 /opt/lampp/htdocs/dev_tabqa/public/index.php(26): Flarum\Http\Server->listen()
#30 {main}

Next Doctrine\DBAL\Driver\PDO\Exception: SQLSTATE[HY000] [1045] Access denied for user 'njchilsrhosting_dev_admin'@'localhost' (using password: YES) in /opt/lampp/htdocs/dev_tabqa/vendor/doctrine/dbal/lib/Doctrine/DBAL/Driver/PDO/Exception.php:18
Stack trace:
#0 /opt/lampp/htdocs/dev_tabqa/vendor/doctrine/dbal/lib/Doctrine/DBAL/Driver/PDOConnection.php(43): Doctrine\DBAL\Driver\PDO\Exception::new(Object(PDOException))
#1 /opt/lampp/htdocs/dev_tabqa/vendor/illuminate/database/Connectors/Connector.php(67): Doctrine\DBAL\Driver\PDOConnection->__construct('mysql:host=loca...', 'njchilsrhosting...', 'tabbook@2021', Array)
#2 /opt/lampp/htdocs/dev_tabqa/vendor/illuminate/database/Connectors/Connector.php(46): Illuminate\Database\Connectors\Connector->createPdoConnection('mysql:host=loca...', 'njchilsrhosting...', 'tabbook@2021', Array)
#3 /opt/lampp/htdocs/dev_tabqa/vendor/illuminate/database/Connectors/MySqlConnector.php(24): Illuminate\Database\Connectors\Connector->createConnection('mysql:host=loca...', Array, Array)
#4 /opt/lampp/htdocs/dev_tabqa/vendor/illuminate/database/Connectors/ConnectionFactory.php(184): Illuminate\Database\Connectors\MySqlConnector->connect(Array)
#5 [internal function]: Illuminate\Database\Connectors\ConnectionFactory->Illuminate\Database\Connectors\{closure}()
#6 /opt/lampp/htdocs/dev_tabqa/vendor/illuminate/database/Connection.php(997): call_user_func(Object(Closure))
#7 /opt/lampp/htdocs/dev_tabqa/vendor/illuminate/database/Connection.php(979): Illuminate\Database\Connection->getPdo()
#8 /opt/lampp/htdocs/dev_tabqa/vendor/illuminate/database/Connection.php(959): Illuminate\Database\Connection->getDoctrineConnection()
#9 /opt/lampp/htdocs/dev_tabqa/vendor/flarum/core/src/Database/Migrator.php(72): Illuminate\Database\Connection->getDoctrineSchemaManager()
#10 [internal function]: Flarum\Database\Migrator->__construct(Object(Flarum\Database\DatabaseMigrationRepository), Object(Illuminate\Database\MySqlConnection), Object(Illuminate\Filesystem\Filesystem))
#11 /opt/lampp/htdocs/dev_tabqa/vendor/illuminate/container/Container.php(917): ReflectionClass->newInstanceArgs(Array)
#12 /opt/lampp/htdocs/dev_tabqa/vendor/illuminate/container/Container.php(754): Illuminate\Container\Container->build('Flarum\\Database...')
#13 /opt/lampp/htdocs/dev_tabqa/vendor/illuminate/container/Container.php(692): Illuminate\Container\Container->resolve('Flarum\\Database...', Array)
#14 /opt/lampp/htdocs/dev_tabqa/vendor/illuminate/container/Container.php(1027): Illuminate\Container\Container->make('Flarum\\Database...')
#15 /opt/lampp/htdocs/dev_tabqa/vendor/illuminate/container/Container.php(947): Illuminate\Container\Container->resolveClass(Object(ReflectionParameter))
#16 /opt/lampp/htdocs/dev_tabqa/vendor/illuminate/container/Container.php(908): Illuminate\Container\Container->resolveDependencies(Array)
#17 /opt/lampp/htdocs/dev_tabqa/vendor/illuminate/container/Container.php(290): Illuminate\Container\Container->build('Flarum\\Extensio...')
#18 /opt/lampp/htdocs/dev_tabqa/vendor/illuminate/container/Container.php(869): Illuminate\Container\Container->Illuminate\Container\{closure}(Object(Illuminate\Container\Container), Array)
#19 /opt/lampp/htdocs/dev_tabqa/vendor/illuminate/container/Container.php(754): Illuminate\Container\Container->build(Object(Closure))
#20 /opt/lampp/htdocs/dev_tabqa/vendor/illuminate/container/Container.php(692): Illuminate\Container\Container->resolve('Flarum\\Extensio...', Array)
#21 /opt/lampp/htdocs/dev_tabqa/vendor/flarum/core/src/Extension/ExtensionServiceProvider.php(31): Illuminate\Container\Container->make('flarum.extensio...')
#22 [internal function]: Flarum\Extension\ExtensionServiceProvider->Flarum\Extension\{closure}(Object(Flarum\Foundation\Application))
#23 /opt/lampp/htdocs/dev_tabqa/vendor/flarum/core/src/Foundation/Application.php(329): call_user_func(Object(Closure), Object(Flarum\Foundation\Application))
#24 /opt/lampp/htdocs/dev_tabqa/vendor/flarum/core/src/Foundation/Application.php(270): Flarum\Foundation\Application->fireAppCallbacks(Array)
#25 /opt/lampp/htdocs/dev_tabqa/vendor/flarum/core/src/Foundation/InstalledSite.php(151): Flarum\Foundation\Application->boot()
#26 /opt/lampp/htdocs/dev_tabqa/vendor/flarum/core/src/Foundation/InstalledSite.php(82): Flarum\Foundation\InstalledSite->bootLaravel()
#27 /opt/lampp/htdocs/dev_tabqa/vendor/flarum/core/src/Http/Server.php(58): Flarum\Foundation\InstalledSite->bootApp()
#28 /opt/lampp/htdocs/dev_tabqa/vendor/flarum/core/src/Http/Server.php(35): Flarum\Http\Server->safelyBootAndGetHandler()
#29 /opt/lampp/htdocs/dev_tabqa/public/index.php(26): Flarum\Http\Server->listen()
#30 {main}  
